<?xml version="1.0" encoding="UTF-8"?>
<!-- Generated by org.testng.reporters.JUnitXMLReporter -->
<testsuite hostname="DESKTOP-G03J623" ignored="1" name="Default test" tests="2" failures="0" timestamp="05 Aug 2023 11:46:35 GMT" time="107.763" errors="0">
  <testcase name="bb2" time="2.389" classname="testng.suma"/>
  <testcase name="dd4" time="10.326" classname="testng.suma"/>
  <testcase name="cc3" time="0.0" classname="testng.suma">
    <ignored/>
  </testcase> <!-- cc3 -->
</testsuite> <!-- Default test -->
